<?xml version="1.0" encoding="UTF-8"?>
<!-- Generated by org.testng.reporters.JUnitReportReporter -->
<testsuite skipped="0" hostname="SREESAI-305" name="week7.Testngweek7review" tests="1" failures="0" timestamp="2021-08-31T14:47:10 IST" time="0.006" errors="0">
  <testcase name="f" time="0.006" classname="week7.Testngweek7review"/>
  <system-out/>
</testsuite> <!-- week7.Testngweek7review -->
